{"/Users/siddharthpukhrajlakhara/DBExercise/models/index.js": {"path":"/Users/siddharthpukhrajlakhara/DBExercise/models/index.js","statementMap":{"0":{"start":{"line":3,"column":11},"end":{"line":3,"column":24}},"1":{"start":{"line":4,"column":13},"end":{"line":4,"column":28}},"2":{"start":{"line":5,"column":18},"end":{"line":5,"column":38}},"3":{"start":{"line":7,"column":17},"end":{"line":7,"column":42}},"4":{"start":{"line":8,"column":12},"end":{"line":8,"column":49}},"5":{"start":{"line":9,"column":15},"end":{"line":9,"column":65}},"6":{"start":{"line":10,"column":11},"end":{"line":10,"column":13}},"7":{"start":{"line":12,"column":0},"end":{"line":16,"column":1}},"8":{"start":{"line":13,"column":18},"end":{"line":13,"column":77}},"9":{"start":{"line":15,"column":18},"end":{"line":15,"column":90}},"10":{"start":{"line":18,"column":0},"end":{"line":24,"column":5}},"11":{"start":{"line":20,"column":18},"end":{"line":20,"column":96}},"12":{"start":{"line":22,"column":18},"end":{"line":22,"column":62}},"13":{"start":{"line":23,"column":4},"end":{"line":23,"column":27}},"14":{"start":{"line":26,"column":0},"end":{"line":30,"column":3}},"15":{"start":{"line":27,"column":2},"end":{"line":29,"column":3}},"16":{"start":{"line":28,"column":4},"end":{"line":28,"column":32}},"17":{"start":{"line":32,"column":0},"end":{"line":32,"column":25}},"18":{"start":{"line":33,"column":0},"end":{"line":33,"column":25}},"19":{"start":{"line":35,"column":0},"end":{"line":35,"column":20}}},"fnMap":{"0":{"name":"(anonymous_0)","decl":{"start":{"line":20,"column":10},"end":{"line":20,"column":11}},"loc":{"start":{"line":20,"column":18},"end":{"line":20,"column":96}},"line":20},"1":{"name":"(anonymous_1)","decl":{"start":{"line":21,"column":11},"end":{"line":21,"column":12}},"loc":{"start":{"line":21,"column":21},"end":{"line":24,"column":3}},"line":21},"2":{"name":"(anonymous_2)","decl":{"start":{"line":26,"column":24},"end":{"line":26,"column":25}},"loc":{"start":{"line":26,"column":39},"end":{"line":30,"column":1}},"line":26}},"branchMap":{"0":{"loc":{"start":{"line":8,"column":12},"end":{"line":8,"column":49}},"type":"binary-expr","locations":[{"start":{"line":8,"column":12},"end":{"line":8,"column":32}},{"start":{"line":8,"column":36},"end":{"line":8,"column":49}}],"line":8},"1":{"loc":{"start":{"line":12,"column":0},"end":{"line":16,"column":1}},"type":"if","locations":[{"start":{"line":12,"column":0},"end":{"line":16,"column":1}},{"start":{"line":12,"column":0},"end":{"line":16,"column":1}}],"line":12},"2":{"loc":{"start":{"line":20,"column":18},"end":{"line":20,"column":96}},"type":"binary-expr","locations":[{"start":{"line":20,"column":19},"end":{"line":20,"column":42}},{"start":{"line":20,"column":48},"end":{"line":20,"column":65}},{"start":{"line":20,"column":71},"end":{"line":20,"column":95}}],"line":20},"3":{"loc":{"start":{"line":27,"column":2},"end":{"line":29,"column":3}},"type":"if","locations":[{"start":{"line":27,"column":2},"end":{"line":29,"column":3}},{"start":{"line":27,"column":2},"end":{"line":29,"column":3}}],"line":27}},"s":{"0":2,"1":2,"2":2,"3":2,"4":2,"5":2,"6":2,"7":2,"8":0,"9":2,"10":2,"11":4,"12":2,"13":2,"14":2,"15":2,"16":0,"17":2,"18":2,"19":2},"f":{"0":4,"1":2,"2":2},"b":{"0":[2,0],"1":[0,2],"2":[4,4,2],"3":[0,2]},"_coverageSchema":"332fd63041d2c1bcb487cc26dd0d5f7d97098a6c","hash":"2b72b3f6fb0580bc210420602f80613362cfe56d"}
,"/Users/siddharthpukhrajlakhara/DBExercise/models/users.js": {"path":"/Users/siddharthpukhrajlakhara/DBExercise/models/users.js","statementMap":{"0":{"start":{"line":3,"column":0},"end":{"line":8,"column":2}},"1":{"start":{"line":4,"column":16},"end":{"line":6,"column":4}},"2":{"start":{"line":7,"column":2},"end":{"line":7,"column":15}}},"fnMap":{"0":{"name":"(anonymous_0)","decl":{"start":{"line":3,"column":17},"end":{"line":3,"column":18}},"loc":{"start":{"line":3,"column":43},"end":{"line":8,"column":1}},"line":3}},"branchMap":{},"s":{"0":2,"1":2,"2":2},"f":{"0":2},"b":{},"_coverageSchema":"332fd63041d2c1bcb487cc26dd0d5f7d97098a6c","hash":"2e6828441fc8b613d68e2fabd18edfbde5b03731"}
,"/Users/siddharthpukhrajlakhara/DBExercise/src/server.js": {"path":"/Users/siddharthpukhrajlakhara/DBExercise/src/server.js","statementMap":{"0":{"start":{"line":1,"column":13},"end":{"line":1,"column":28}},"1":{"start":{"line":2,"column":15},"end":{"line":2,"column":34}},"2":{"start":{"line":4,"column":15},"end":{"line":4,"column":32}},"3":{"start":{"line":6,"column":0},"end":{"line":9,"column":3}},"4":{"start":{"line":11,"column":0},"end":{"line":11,"column":21}},"5":{"start":{"line":13,"column":0},"end":{"line":20,"column":1}},"6":{"start":{"line":14,"column":2},"end":{"line":19,"column":5}},"7":{"start":{"line":15,"column":4},"end":{"line":17,"column":5}},"8":{"start":{"line":16,"column":6},"end":{"line":16,"column":20}},"9":{"start":{"line":18,"column":4},"end":{"line":18,"column":47}},"10":{"start":{"line":22,"column":0},"end":{"line":22,"column":24}}},"fnMap":{"0":{"name":"(anonymous_0)","decl":{"start":{"line":14,"column":15},"end":{"line":14,"column":16}},"loc":{"start":{"line":14,"column":26},"end":{"line":19,"column":3}},"line":14}},"branchMap":{"0":{"loc":{"start":{"line":13,"column":0},"end":{"line":20,"column":1}},"type":"if","locations":[{"start":{"line":13,"column":0},"end":{"line":20,"column":1}},{"start":{"line":13,"column":0},"end":{"line":20,"column":1}}],"line":13},"1":{"loc":{"start":{"line":15,"column":4},"end":{"line":17,"column":5}},"type":"if","locations":[{"start":{"line":15,"column":4},"end":{"line":17,"column":5}},{"start":{"line":15,"column":4},"end":{"line":17,"column":5}}],"line":15}},"s":{"0":2,"1":2,"2":2,"3":2,"4":2,"5":2,"6":0,"7":0,"8":0,"9":0,"10":2},"f":{"0":0},"b":{"0":[0,2],"1":[0,0]},"_coverageSchema":"332fd63041d2c1bcb487cc26dd0d5f7d97098a6c","hash":"71679cb2ea2fdfbb6211d799ede0b6bd65e12ba5"}
,"/Users/siddharthpukhrajlakhara/DBExercise/src/routes/create.js": {"path":"/Users/siddharthpukhrajlakhara/DBExercise/src/routes/create.js","statementMap":{"0":{"start":{"line":1,"column":15},"end":{"line":1,"column":38}},"1":{"start":{"line":2,"column":12},"end":{"line":2,"column":26}},"2":{"start":{"line":5,"column":0},"end":{"line":26,"column":3}},"3":{"start":{"line":16,"column":25},"end":{"line":16,"column":36}},"4":{"start":{"line":17,"column":4},"end":{"line":24,"column":9}},"5":{"start":{"line":19,"column":8},"end":{"line":21,"column":48}},"6":{"start":{"line":20,"column":10},"end":{"line":20,"column":45}},"7":{"start":{"line":21,"column":17},"end":{"line":21,"column":46}},"8":{"start":{"line":23,"column":8},"end":{"line":23,"column":43}}},"fnMap":{"0":{"name":"(anonymous_0)","decl":{"start":{"line":15,"column":11},"end":{"line":15,"column":12}},"loc":{"start":{"line":15,"column":27},"end":{"line":25,"column":3}},"line":15},"1":{"name":"(anonymous_1)","decl":{"start":{"line":18,"column":14},"end":{"line":18,"column":15}},"loc":{"start":{"line":18,"column":30},"end":{"line":22,"column":7}},"line":18},"2":{"name":"(anonymous_2)","decl":{"start":{"line":22,"column":15},"end":{"line":22,"column":16}},"loc":{"start":{"line":22,"column":21},"end":{"line":24,"column":7}},"line":22}},"branchMap":{"0":{"loc":{"start":{"line":19,"column":8},"end":{"line":21,"column":48}},"type":"if","locations":[{"start":{"line":19,"column":8},"end":{"line":21,"column":48}},{"start":{"line":19,"column":8},"end":{"line":21,"column":48}}],"line":19}},"s":{"0":2,"1":2,"2":2,"3":2,"4":2,"5":0,"6":0,"7":0,"8":2},"f":{"0":2,"1":0,"2":2},"b":{"0":[0,0]},"_coverageSchema":"332fd63041d2c1bcb487cc26dd0d5f7d97098a6c","hash":"20f22a273a8244b8338861ff3972effa3e8eec32"}
,"/Users/siddharthpukhrajlakhara/DBExercise/src/routes/delete.js": {"path":"/Users/siddharthpukhrajlakhara/DBExercise/src/routes/delete.js","statementMap":{"0":{"start":{"line":1,"column":12},"end":{"line":1,"column":26}},"1":{"start":{"line":2,"column":15},"end":{"line":2,"column":38}},"2":{"start":{"line":4,"column":0},"end":{"line":26,"column":3}},"3":{"start":{"line":15,"column":25},"end":{"line":15,"column":36}},"4":{"start":{"line":16,"column":4},"end":{"line":24,"column":7}},"5":{"start":{"line":19,"column":6},"end":{"line":23,"column":7}},"6":{"start":{"line":20,"column":8},"end":{"line":20,"column":43}},"7":{"start":{"line":22,"column":8},"end":{"line":22,"column":32}}},"fnMap":{"0":{"name":"(anonymous_0)","decl":{"start":{"line":14,"column":11},"end":{"line":14,"column":12}},"loc":{"start":{"line":14,"column":27},"end":{"line":25,"column":3}},"line":14},"1":{"name":"(anonymous_1)","decl":{"start":{"line":18,"column":12},"end":{"line":18,"column":13}},"loc":{"start":{"line":18,"column":23},"end":{"line":24,"column":5}},"line":18}},"branchMap":{"0":{"loc":{"start":{"line":19,"column":6},"end":{"line":23,"column":7}},"type":"if","locations":[{"start":{"line":19,"column":6},"end":{"line":23,"column":7}},{"start":{"line":19,"column":6},"end":{"line":23,"column":7}}],"line":19}},"s":{"0":2,"1":2,"2":2,"3":2,"4":2,"5":2,"6":1,"7":1},"f":{"0":2,"1":2},"b":{"0":[1,1]},"_coverageSchema":"332fd63041d2c1bcb487cc26dd0d5f7d97098a6c","hash":"5853f4f089fd0c3c55937e382d3cba3d0b1df422"}
,"/Users/siddharthpukhrajlakhara/DBExercise/src/routes/index.js": {"path":"/Users/siddharthpukhrajlakhara/DBExercise/src/routes/index.js","statementMap":{"0":{"start":{"line":2,"column":13},"end":{"line":2,"column":30}},"1":{"start":{"line":3,"column":15},"end":{"line":3,"column":34}},"2":{"start":{"line":4,"column":13},"end":{"line":4,"column":30}},"3":{"start":{"line":5,"column":15},"end":{"line":5,"column":34}},"4":{"start":{"line":6,"column":12},"end":{"line":6,"column":31}},"5":{"start":{"line":8,"column":0},"end":{"line":12,"column":2}}},"fnMap":{},"branchMap":{},"s":{"0":2,"1":2,"2":2,"3":2,"4":2,"5":2},"f":{},"b":{},"_coverageSchema":"332fd63041d2c1bcb487cc26dd0d5f7d97098a6c","hash":"05b81bf80f45b6df7933542bd244812d42cd601c"}
,"/Users/siddharthpukhrajlakhara/DBExercise/src/routes/ping.js": {"path":"/Users/siddharthpukhrajlakhara/DBExercise/src/routes/ping.js","statementMap":{"0":{"start":{"line":2,"column":0},"end":{"line":8,"column":3}},"1":{"start":{"line":6,"column":4},"end":{"line":6,"column":18}}},"fnMap":{"0":{"name":"(anonymous_0)","decl":{"start":{"line":5,"column":11},"end":{"line":5,"column":12}},"loc":{"start":{"line":5,"column":27},"end":{"line":7,"column":3}},"line":5}},"branchMap":{},"s":{"0":2,"1":1},"f":{"0":1},"b":{},"_coverageSchema":"332fd63041d2c1bcb487cc26dd0d5f7d97098a6c","hash":"648149f8948bbc5f812f59d3d38803c5d3a7ff73"}
,"/Users/siddharthpukhrajlakhara/DBExercise/src/routes/read.js": {"path":"/Users/siddharthpukhrajlakhara/DBExercise/src/routes/read.js","statementMap":{"0":{"start":{"line":1,"column":15},"end":{"line":1,"column":38}},"1":{"start":{"line":3,"column":0},"end":{"line":14,"column":3}},"2":{"start":{"line":7,"column":4},"end":{"line":12,"column":7}},"3":{"start":{"line":11,"column":6},"end":{"line":11,"column":27}}},"fnMap":{"0":{"name":"(anonymous_0)","decl":{"start":{"line":6,"column":11},"end":{"line":6,"column":12}},"loc":{"start":{"line":6,"column":27},"end":{"line":13,"column":3}},"line":6},"1":{"name":"(anonymous_1)","decl":{"start":{"line":10,"column":12},"end":{"line":10,"column":13}},"loc":{"start":{"line":10,"column":31},"end":{"line":12,"column":5}},"line":10}},"branchMap":{},"s":{"0":2,"1":2,"2":0,"3":0},"f":{"0":0,"1":0},"b":{},"_coverageSchema":"332fd63041d2c1bcb487cc26dd0d5f7d97098a6c","hash":"251cdf6ec9a38e46a112c939150b5f21c01adeda"}
,"/Users/siddharthpukhrajlakhara/DBExercise/src/routes/update.js": {"path":"/Users/siddharthpukhrajlakhara/DBExercise/src/routes/update.js","statementMap":{"0":{"start":{"line":1,"column":12},"end":{"line":1,"column":26}},"1":{"start":{"line":2,"column":15},"end":{"line":2,"column":38}},"2":{"start":{"line":4,"column":0},"end":{"line":28,"column":3}},"3":{"start":{"line":16,"column":33},"end":{"line":16,"column":44}},"4":{"start":{"line":17,"column":4},"end":{"line":26,"column":7}},"5":{"start":{"line":21,"column":6},"end":{"line":25,"column":7}},"6":{"start":{"line":22,"column":8},"end":{"line":22,"column":42}},"7":{"start":{"line":24,"column":8},"end":{"line":24,"column":32}}},"fnMap":{"0":{"name":"(anonymous_0)","decl":{"start":{"line":15,"column":11},"end":{"line":15,"column":12}},"loc":{"start":{"line":15,"column":27},"end":{"line":27,"column":3}},"line":15},"1":{"name":"(anonymous_1)","decl":{"start":{"line":20,"column":11},"end":{"line":20,"column":12}},"loc":{"start":{"line":20,"column":22},"end":{"line":26,"column":5}},"line":20}},"branchMap":{"0":{"loc":{"start":{"line":21,"column":6},"end":{"line":25,"column":7}},"type":"if","locations":[{"start":{"line":21,"column":6},"end":{"line":25,"column":7}},{"start":{"line":21,"column":6},"end":{"line":25,"column":7}}],"line":21}},"s":{"0":2,"1":2,"2":2,"3":0,"4":0,"5":0,"6":0,"7":0},"f":{"0":0,"1":0},"b":{"0":[0,0]},"_coverageSchema":"332fd63041d2c1bcb487cc26dd0d5f7d97098a6c","hash":"ea351c5081338c9ffed49b7faa1aa1790b0400b1"}
}
