TN:
SF:/Users/siddharthpukhrajlakhara/DBExercise/models/index.js
FN:20,(anonymous_0)
FN:21,(anonymous_1)
FN:26,(anonymous_2)
FNF:3
FNH:3
FNDA:4,(anonymous_0)
FNDA:2,(anonymous_1)
FNDA:2,(anonymous_2)
DA:3,2
DA:4,2
DA:5,2
DA:7,2
DA:8,2
DA:9,2
DA:10,2
DA:12,2
DA:13,0
DA:15,2
DA:18,2
DA:20,4
DA:22,2
DA:23,2
DA:26,2
DA:27,2
DA:28,0
DA:32,2
DA:33,2
DA:35,2
LF:20
LH:18
BRDA:8,0,0,2
BRDA:8,0,1,0
BRDA:12,1,0,0
BRDA:12,1,1,2
BRDA:20,2,0,4
BRDA:20,2,1,4
BRDA:20,2,2,2
BRDA:27,3,0,0
BRDA:27,3,1,2
BRF:9
BRH:6
end_of_record
TN:
SF:/Users/siddharthpukhrajlakhara/DBExercise/models/users.js
FN:3,(anonymous_0)
FNF:1
FNH:1
FNDA:2,(anonymous_0)
DA:3,2
DA:4,2
DA:7,2
LF:3
LH:3
BRF:0
BRH:0
end_of_record
TN:
SF:/Users/siddharthpukhrajlakhara/DBExercise/src/server.js
FN:14,(anonymous_0)
FNF:1
FNH:0
FNDA:0,(anonymous_0)
DA:1,2
DA:2,2
DA:4,2
DA:6,2
DA:11,2
DA:13,2
DA:14,0
DA:15,0
DA:16,0
DA:18,0
DA:22,2
LF:11
LH:7
BRDA:13,0,0,0
BRDA:13,0,1,2
BRDA:15,1,0,0
BRDA:15,1,1,0
BRF:4
BRH:1
end_of_record
TN:
SF:/Users/siddharthpukhrajlakhara/DBExercise/src/routes/create.js
FN:15,(anonymous_0)
FN:18,(anonymous_1)
FN:22,(anonymous_2)
FNF:3
FNH:2
FNDA:2,(anonymous_0)
FNDA:0,(anonymous_1)
FNDA:2,(anonymous_2)
DA:1,2
DA:2,2
DA:5,2
DA:16,2
DA:17,2
DA:19,0
DA:20,0
DA:21,0
DA:23,2
LF:9
LH:6
BRDA:19,0,0,0
BRDA:19,0,1,0
BRF:2
BRH:0
end_of_record
TN:
SF:/Users/siddharthpukhrajlakhara/DBExercise/src/routes/delete.js
FN:14,(anonymous_0)
FN:18,(anonymous_1)
FNF:2
FNH:2
FNDA:2,(anonymous_0)
FNDA:2,(anonymous_1)
DA:1,2
DA:2,2
DA:4,2
DA:15,2
DA:16,2
DA:19,2
DA:20,1
DA:22,1
LF:8
LH:8
BRDA:19,0,0,1
BRDA:19,0,1,1
BRF:2
BRH:2
end_of_record
TN:
SF:/Users/siddharthpukhrajlakhara/DBExercise/src/routes/index.js
FNF:0
FNH:0
DA:2,2
DA:3,2
DA:4,2
DA:5,2
DA:6,2
DA:8,2
LF:6
LH:6
BRF:0
BRH:0
end_of_record
TN:
SF:/Users/siddharthpukhrajlakhara/DBExercise/src/routes/ping.js
FN:5,(anonymous_0)
FNF:1
FNH:1
FNDA:1,(anonymous_0)
DA:2,2
DA:6,1
LF:2
LH:2
BRF:0
BRH:0
end_of_record
TN:
SF:/Users/siddharthpukhrajlakhara/DBExercise/src/routes/read.js
FN:6,(anonymous_0)
FN:10,(anonymous_1)
FNF:2
FNH:0
FNDA:0,(anonymous_0)
FNDA:0,(anonymous_1)
DA:1,2
DA:3,2
DA:7,0
DA:11,0
LF:4
LH:2
BRF:0
BRH:0
end_of_record
TN:
SF:/Users/siddharthpukhrajlakhara/DBExercise/src/routes/update.js
FN:15,(anonymous_0)
FN:20,(anonymous_1)
FNF:2
FNH:0
FNDA:0,(anonymous_0)
FNDA:0,(anonymous_1)
DA:1,2
DA:2,2
DA:4,2
DA:16,0
DA:17,0
DA:21,0
DA:22,0
DA:24,0
LF:8
LH:3
BRDA:21,0,0,0
BRDA:21,0,1,0
BRF:2
BRH:0
end_of_record
